#
# A fatal error has been detected by the Java Runtime Environment:
#
#  SIGSEGV (0xb) at pc=0x000000010facb7a0, pid=25816, tid=28171
#
# JRE version: Java(TM) SE Runtime Environment (16.0.2+7) (build 16.0.2+7-67)
# Java VM: Java HotSpot(TM) 64-Bit Server VM (16.0.2+7-67, mixed mode, sharing, tiered, compressed oops, compressed class ptrs, parallel gc, bsd-amd64)
# Problematic frame:
# V  [libjvm.dylib+0x2cb7a0]  _ZNK15ClassFileParser20verify_constantvalueEPK12ConstantPooliiP6Thread+0x80
#
# No core dump will be written. Core dumps have been disabled. To enable core dumping, try "ulimit -c unlimited" before starting Java again
#
# If you would like to submit a bug report, please visit:
#   https://bugreport.java.com/bugreport/crash.jsp
#

---------------  S U M M A R Y ------------

Command Line: --add-modules=ALL-SYSTEM --add-opens=java.base/java.util=ALL-UNNAMED --add-opens=java.base/java.lang=ALL-UNNAMED -Declipse.application=org.eclipse.jdt.ls.core.id1 -Dosgi.bundles.defaultStartLevel=4 -Declipse.product=org.eclipse.jdt.ls.core.product -Dfile.encoding=utf8 -XX:+UseParallelGC -XX:GCTimeRatio=4 -XX:AdaptiveSizePolicyWeight=90 -Dsun.zip.disableMemoryMapping=true -Xmx1G -Xms100m /Users/prerak/.vscode/extensions/redhat.java-0.82.0/server/plugins/org.eclipse.equinox.launcher_1.6.300.v20210813-1054.jar -configuration /Users/prerak/Library/Application Support/Code/User/globalStorage/redhat.java/0.82.0/config_mac -data /Users/prerak/Library/Application Support/Code/User/workspaceStorage/c2583b467156c5c6edf29994dbbf0792/redhat.java/jdt_ws

Host: MacBookPro17,1 x86_64 2400 MHz, 8 cores, 8G, Darwin 20.6.0, macOS 10.16 (20G165)
Time: Sat Oct  2 07:38:17 2021 IST elapsed time: 1.349631 seconds (0d 0h 0m 1s)

---------------  T H R E A D  ---------------

Current thread (0x00007fb54a828000):  JavaThread "Start Level: Equinox Container: a94426d1-0600-402b-bc16-86228c61b126" daemon [_thread_in_vm, id=28171, stack(0x000000030b334000,0x000000030b434000)]

Stack: [0x000000030b334000,0x000000030b434000],  sp=0x000000030b431380,  free space=1012k
Native frames: (J=compiled Java code, A=aot compiled Java code, j=interpreted, Vv=VM code, C=native code)
V  [libjvm.dylib+0x2cb7a0]  _ZNK15ClassFileParser20verify_constantvalueEPK12ConstantPooliiP6Thread+0x80
V  [libjvm.dylib+0x2cbc10]  _ZN15ClassFileParser22parse_field_attributesEPK15ClassFileStreamtbtPtPbS3_PNS_24FieldAnnotationCollectorEP6Thread+0x370
V  [libjvm.dylib+0x2cd2c1]  _ZN15ClassFileParser12parse_fieldsEPK15ClassFileStreambPNS_20FieldAllocationCountEP12ConstantPooliPtP6Thread+0x461
V  [libjvm.dylib+0x2da2eb]  _ZN15ClassFileParser12parse_streamEPK15ClassFileStreamP6Thread+0x6fb
V  [libjvm.dylib+0x2d9bae]  _ZN15ClassFileParserC2EP15ClassFileStreamP6SymbolP15ClassLoaderDataPK13ClassLoadInfoNS_9PublicityEP6Thread+0x3be
V  [libjvm.dylib+0x6f4c27]  _ZN12KlassFactory18create_from_streamEP15ClassFileStreamP6SymbolP15ClassLoaderDataRK13ClassLoadInfoP6Thread+0xc7
V  [libjvm.dylib+0x9bf9d3]  _ZN16SystemDictionary19resolve_from_streamEP6Symbol6HandleS2_P15ClassFileStreamP6Thread+0x273
V  [libjvm.dylib+0x5a6e3b]  _ZL23jvm_define_class_commonPKcP8_jobjectPKaiS2_S0_P6Thread+0x33b
V  [libjvm.dylib+0x5a7a09]  JVM_DefineClassWithSource+0xb9
C  [libjava.dylib+0x14ed]  Java_java_lang_ClassLoader_defineClass1+0x23d
J 1379  java.lang.ClassLoader.defineClass1(Ljava/lang/ClassLoader;Ljava/lang/String;[BIILjava/security/ProtectionDomain;Ljava/lang/String;)Ljava/lang/Class; java.base@16.0.2 (0 bytes) @ 0x00000001211d017a [0x00000001211d0040+0x000000000000013a]
j  java.lang.ClassLoader.defineClass(Ljava/lang/String;[BIILjava/security/ProtectionDomain;)Ljava/lang/Class;+27 java.base@16.0.2
j  org.eclipse.osgi.internal.loader.ModuleClassLoader.defineClass(Ljava/lang/String;[BLorg/eclipse/osgi/internal/loader/classpath/ClasspathEntry;)Lorg/eclipse/osgi/internal/loader/ModuleClassLoader$DefineClassResult;+42
j  org.eclipse.osgi.internal.loader.classpath.ClasspathManager.defineClass(Ljava/lang/String;[BLorg/eclipse/osgi/internal/loader/classpath/ClasspathEntry;Lorg/eclipse/osgi/storage/bundlefile/BundleEntry;Ljava/util/List;)Ljava/lang/Class;+424
j  org.eclipse.osgi.internal.loader.classpath.ClasspathManager.findClassImpl(Ljava/lang/String;Lorg/eclipse/osgi/internal/loader/classpath/ClasspathEntry;Ljava/util/List;)Ljava/lang/Class;+269
j  org.eclipse.osgi.internal.loader.classpath.ClasspathManager.findLocalClassImpl(Ljava/lang/String;[Lorg/eclipse/osgi/internal/loader/classpath/ClasspathEntry;Ljava/util/List;)Ljava/lang/Class;+30
j  org.eclipse.osgi.internal.loader.classpath.ClasspathManager.findLocalClassImpl(Ljava/lang/String;Ljava/util/List;)Ljava/lang/Class;+69
j  org.eclipse.osgi.internal.loader.classpath.ClasspathManager.findLocalClass(Ljava/lang/String;)Ljava/lang/Class;+113
j  org.eclipse.osgi.internal.loader.ModuleClassLoader.findLocalClass(Ljava/lang/String;)Ljava/lang/Class;+5
j  org.eclipse.osgi.internal.loader.BundleLoader.findLocalClass(Ljava/lang/String;)Ljava/lang/Class;+57
j  org.eclipse.osgi.internal.loader.BundleLoader.findClass(Ljava/lang/String;)Ljava/lang/Class;+325
j  org.eclipse.osgi.internal.loader.ModuleClassLoader.loadClass(Ljava/lang/String;Z)Ljava/lang/Class;+51
J 703 c1 java.lang.ClassLoader.loadClass(Ljava/lang/String;)Ljava/lang/Class; java.base@16.0.2 (7 bytes) @ 0x0000000119d3364c [0x0000000119d33540+0x000000000000010c]
v  ~StubRoutines::call_stub
V  [libjvm.dylib+0x508272]  _ZN9JavaCalls11call_helperEP9JavaValueRK12methodHandleP17JavaCallArgumentsP6Thread+0x2d2
V  [libjvm.dylib+0x5072b7]  _ZN9JavaCalls12call_virtualEP9JavaValueP5KlassP6SymbolS5_P17JavaCallArgumentsP6Thread+0x147
V  [libjvm.dylib+0x507420]  _ZN9JavaCalls12call_virtualEP9JavaValue6HandleP5KlassP6SymbolS6_S2_P6Thread+0x70
V  [libjvm.dylib+0x9bea48]  _ZN16SystemDictionary19load_instance_classEP6Symbol6HandleP6Thread+0x118
V  [libjvm.dylib+0x9bd483]  _ZN16SystemDictionary30resolve_instance_class_or_nullEP6Symbol6HandleS2_P6Thread+0x6a3
V  [libjvm.dylib+0x9bc835]  _ZN16SystemDictionary15resolve_or_failEP6Symbol6HandleS2_bP6Thread+0x75
V  [libjvm.dylib+0x33f2cb]  _ZN12ConstantPool13klass_at_implERK18constantPoolHandleibP6Thread+0x19b
V  [libjvm.dylib+0x33fca7]  _ZN12ConstantPool12klass_ref_atEiP6Thread+0x87
V  [libjvm.dylib+0x71f7ac]  _ZN8LinkInfoC2ERK18constantPoolHandleiP6Thread+0x3c
V  [libjvm.dylib+0x724925]  _ZN12LinkResolver14resolve_invokeER8CallInfo6HandleRK18constantPoolHandleiN9Bytecodes4CodeEP6Thread+0x65
V  [libjvm.dylib+0x5012d2]  _ZN18InterpreterRuntime14resolve_invokeEP10JavaThreadN9Bytecodes4CodeE+0x342
V  [libjvm.dylib+0x5019b6]  _ZN18InterpreterRuntime18resolve_from_cacheEP10JavaThreadN9Bytecodes4CodeE+0x56
j  org.eclipse.core.internal.runtime.Activator.installPlatformURLSupport()V+6
j  org.eclipse.core.internal.runtime.Activator.start(Lorg/osgi/framework/BundleContext;)V+70
j  org.eclipse.osgi.internal.framework.BundleContextImpl.lambda$2(Lorg/osgi/framework/BundleActivator;)Ljava/lang/Void;+11
j  org.eclipse.osgi.internal.framework.BundleContextImpl$$Lambda$79+0x0000000800c97cf0.run()Ljava/lang/Object;+8
J 1173 c1 java.security.AccessController.executePrivileged(Ljava/security/PrivilegedExceptionAction;Ljava/security/AccessControlContext;Ljava/lang/Class;)Ljava/lang/Object; java.base@16.0.2 (65 bytes) @ 0x0000000119df5f44 [0x0000000119df5de0+0x0000000000000164]
j  java.security.AccessController.doPrivileged(Ljava/security/PrivilegedExceptionAction;)Ljava/lang/Object;+9 java.base@16.0.2
j  org.eclipse.osgi.internal.framework.BundleContextImpl.startActivator(Lorg/osgi/framework/BundleActivator;)V+7
j  org.eclipse.osgi.internal.framework.BundleContextImpl.start()V+134
j  org.eclipse.osgi.internal.framework.EquinoxBundle.startWorker0()V+35
j  org.eclipse.osgi.internal.framework.EquinoxBundle$EquinoxModule.startWorker()V+4
j  org.eclipse.osgi.container.Module.doStart([Lorg/eclipse/osgi/container/Module$StartOptions;)Lorg/eclipse/osgi/container/ModuleContainerAdaptor$ModuleEvent;+190
j  org.eclipse.osgi.container.Module.start([Lorg/eclipse/osgi/container/Module$StartOptions;)V+460
j  org.eclipse.osgi.container.ModuleContainer$ContainerStartLevel.lambda$1(Ljava/util/concurrent/CountDownLatch;Lorg/eclipse/osgi/container/Module;I)V+58
j  org.eclipse.osgi.container.ModuleContainer$ContainerStartLevel$$Lambda$88+0x0000000800cacef8.run()V+16
j  org.eclipse.osgi.internal.framework.EquinoxContainerAdaptor$$Lambda$87+0x0000000800caccd8.execute(Ljava/lang/Runnable;)V+1
j  org.eclipse.osgi.container.ModuleContainer$ContainerStartLevel.incStartLevel(ILjava/util/List;Z)V+187
j  org.eclipse.osgi.container.ModuleContainer$ContainerStartLevel.incStartLevel(ILjava/util/List;Ljava/util/List;Ljava/util/List;Ljava/util/List;)V+19
j  org.eclipse.osgi.container.ModuleContainer$ContainerStartLevel.doContainerStartLevel(Lorg/eclipse/osgi/container/Module;I[Lorg/osgi/framework/FrameworkListener;)V+349
j  org.eclipse.osgi.container.ModuleContainer$ContainerStartLevel.dispatchEvent(Lorg/eclipse/osgi/container/Module;[Lorg/osgi/framework/FrameworkListener;ILjava/lang/Integer;)V+32
j  org.eclipse.osgi.container.ModuleContainer$ContainerStartLevel.dispatchEvent(Ljava/lang/Object;Ljava/lang/Object;ILjava/lang/Object;)V+15
j  org.eclipse.osgi.framework.eventmgr.EventManager.dispatchEvent(Ljava/util/Set;Lorg/eclipse/osgi/framework/eventmgr/EventDispatcher;ILjava/lang/Object;)V+48
j  org.eclipse.osgi.framework.eventmgr.EventManager$EventThread.run()V+26
v  ~StubRoutines::call_stub
V  [libjvm.dylib+0x508272]  _ZN9JavaCalls11call_helperEP9JavaValueRK12methodHandleP17JavaCallArgumentsP6Thread+0x2d2
V  [libjvm.dylib+0x5072b7]  _ZN9JavaCalls12call_virtualEP9JavaValueP5KlassP6SymbolS5_P17JavaCallArgumentsP6Thread+0x147
V  [libjvm.dylib+0x507383]  _ZN9JavaCalls12call_virtualEP9JavaValue6HandleP5KlassP6SymbolS6_P6Thread+0x63
V  [libjvm.dylib+0x5b5534]  _ZL12thread_entryP10JavaThreadP6Thread+0xb4
V  [libjvm.dylib+0xa043cd]  _ZN10JavaThread17thread_main_innerEv+0xcd
V  [libjvm.dylib+0xa01d11]  _ZN6Thread8call_runEv+0x71
V  [libjvm.dylib+0x890937]  _ZL19thread_native_entryP6Thread+0x157
C  [libsystem_pthread.dylib+0x68fc]  _pthread_start+0xe0
C  [libsystem_pthread.dylib+0x2443]  thread_start+0xf

Java frames: (J=compiled Java code, j=interpreted, Vv=VM code)
J 1379  java.lang.ClassLoader.defineClass1(Ljava/lang/ClassLoader;Ljava/lang/String;[BIILjava/security/ProtectionDomain;Ljava/lang/String;)Ljava/lang/Class; java.base@16.0.2 (0 bytes) @ 0x00000001211d0100 [0x00000001211d0040+0x00000000000000c0]
j  java.lang.ClassLoader.defineClass(Ljava/lang/String;[BIILjava/security/ProtectionDomain;)Ljava/lang/Class;+27 java.base@16.0.2
j  org.eclipse.osgi.internal.loader.ModuleClassLoader.defineClass(Ljava/lang/String;[BLorg/eclipse/osgi/internal/loader/classpath/ClasspathEntry;)Lorg/eclipse/osgi/internal/loader/ModuleClassLoader$DefineClassResult;+42
j  org.eclipse.osgi.internal.loader.classpath.ClasspathManager.defineClass(Ljava/lang/String;[BLorg/eclipse/osgi/internal/loader/classpath/ClasspathEntry;Lorg/eclipse/osgi/storage/bundlefile/BundleEntry;Ljava/util/List;)Ljava/lang/Class;+424
j  org.eclipse.osgi.internal.loader.classpath.ClasspathManager.findClassImpl(Ljava/lang/String;Lorg/eclipse/osgi/internal/loader/classpath/ClasspathEntry;Ljava/util/List;)Ljava/lang/Class;+269
j  org.eclipse.osgi.internal.loader.classpath.ClasspathManager.findLocalClassImpl(Ljava/lang/String;[Lorg/eclipse/osgi/internal/loader/classpath/ClasspathEntry;Ljava/util/List;)Ljava/lang/Class;+30
j  org.eclipse.osgi.internal.loader.classpath.ClasspathManager.findLocalClassImpl(Ljava/lang/String;Ljava/util/List;)Ljava/lang/Class;+69
j  org.eclipse.osgi.internal.loader.classpath.ClasspathManager.findLocalClass(Ljava/lang/String;)Ljava/lang/Class;+113
j  org.eclipse.osgi.internal.loader.ModuleClassLoader.findLocalClass(Ljava/lang/String;)Ljava/lang/Class;+5
j  org.eclipse.osgi.internal.loader.BundleLoader.findLocalClass(Ljava/lang/String;)Ljava/lang/Class;+57
j  org.eclipse.osgi.internal.loader.BundleLoader.findClass(Ljava/lang/String;)Ljava/lang/Class;+325
j  org.eclipse.osgi.internal.loader.ModuleClassLoader.loadClass(Ljava/lang/String;Z)Ljava/lang/Class;+51
J 703 c1 java.lang.ClassLoader.loadClass(Ljava/lang/String;)Ljava/lang/Class; java.base@16.0.2 (7 bytes) @ 0x0000000119d3364c [0x0000000119d33540+0x000000000000010c]
v  ~StubRoutines::call_stub
j  org.eclipse.core.internal.runtime.Activator.installPlatformURLSupport()V+6
j  org.eclipse.core.internal.runtime.Activator.start(Lorg/osgi/framework/BundleContext;)V+70
j  org.eclipse.osgi.internal.framework.BundleContextImpl.lambda$2(Lorg/osgi/framework/BundleActivator;)Ljava/lang/Void;+11
j  org.eclipse.osgi.internal.framework.BundleContextImpl$$Lambda$79+0x0000000800c97cf0.run()Ljava/lang/Object;+8
J 1173 c1 java.security.AccessController.executePrivileged(Ljava/security/PrivilegedExceptionAction;Ljava/security/AccessControlContext;Ljava/lang/Class;)Ljava/lang/Object; java.base@16.0.2 (65 bytes) @ 0x0000000119df5f44 [0x0000000119df5de0+0x0000000000000164]
j  java.security.AccessController.doPrivileged(Ljava/security/PrivilegedExceptionAction;)Ljava/lang/Object;+9 java.base@16.0.2
j  org.eclipse.osgi.internal.framework.BundleContextImpl.startActivator(Lorg/osgi/framework/BundleActivator;)V+7
j  org.eclipse.osgi.internal.framework.BundleContextImpl.start()V+134
j  org.eclipse.osgi.internal.framework.EquinoxBundle.startWorker0()V+35
j  org.eclipse.osgi.internal.framework.EquinoxBundle$EquinoxModule.startWorker()V+4
j  org.eclipse.osgi.container.Module.doStart([Lorg/eclipse/osgi/container/Module$StartOptions;)Lorg/eclipse/osgi/container/ModuleContainerAdaptor$ModuleEvent;+190
j  org.eclipse.osgi.container.Module.start([Lorg/eclipse/osgi/container/Module$StartOptions;)V+460
j  org.eclipse.osgi.container.ModuleContainer$ContainerStartLevel.lambda$1(Ljava/util/concurrent/CountDownLatch;Lorg/eclipse/osgi/container/Module;I)V+58
j  org.eclipse.osgi.container.ModuleContainer$ContainerStartLevel$$Lambda$88+0x0000000800cacef8.run()V+16
j  org.eclipse.osgi.internal.framework.EquinoxContainerAdaptor$$Lambda$87+0x0000000800caccd8.execute(Ljava/lang/Runnable;)V+1
j  org.eclipse.osgi.container.ModuleContainer$ContainerStartLevel.incStartLevel(ILjava/util/List;Z)V+187
j  org.eclipse.osgi.container.ModuleContainer$ContainerStartLevel.incStartLevel(ILjava/util/List;Ljava/util/List;Ljava/util/List;Ljava/util/List;)V+19
j  org.eclipse.osgi.container.ModuleContainer$ContainerStartLevel.doContainerStartLevel(Lorg/eclipse/osgi/container/Module;I[Lorg/osgi/framework/FrameworkListener;)V+349
j  org.eclipse.osgi.container.ModuleContainer$ContainerStartLevel.dispatchEvent(Lorg/eclipse/osgi/container/Module;[Lorg/osgi/framework/FrameworkListener;ILjava/lang/Integer;)V+32
j  org.eclipse.osgi.container.ModuleContainer$ContainerStartLevel.dispatchEvent(Ljava/lang/Object;Ljava/lang/Object;ILjava/lang/Object;)V+15
j  org.eclipse.osgi.framework.eventmgr.EventManager.dispatchEvent(Ljava/util/Set;Lorg/eclipse/osgi/framework/eventmgr/EventDispatcher;ILjava/lang/Object;)V+48
j  org.eclipse.osgi.framework.eventmgr.EventManager$EventThread.run()V+26
v  ~StubRoutines::call_stub

siginfo: si_signo: 11 (SIGSEGV), si_code: 1 (SEGV_MAPERR), si_addr: 0x000000012d3461b0

Register to memory mapping:

RAX=0x000000010facb80e: _ZNK15ClassFileParser20verify_constantvalueEPK12ConstantPooliiP6Thread+0xee in /Library/Java/JavaVirtualMachines/jdk-16.0.2.jdk/Contents/Home/lib/server/libjvm.dylib at 0x000000010f800000
RBX=0x0000000000000002 is an unknown value
RCX=0x000000010facb870: _ZNK15ClassFileParser20verify_constantvalueEPK12ConstantPooliiP6Thread+0x150 in /Library/Java/JavaVirtualMachines/jdk-16.0.2.jdk/Contents/Home/lib/server/libjvm.dylib at 0x000000010f800000
RDX=0x0000000000000002 is an unknown value
RSP=0x000000030b431380 is pointing into the stack for thread: 0x00007fb54a828000
RBP=0x000000030b4313b0 is pointing into the stack for thread: 0x00007fb54a828000
RSI=0x0000000000000053 is an unknown value
RDI=0x000000000000000a is an unknown value
R8 =0x00007fb54a828000 is a thread
R9 =0x000000030b4315c8 is pointing into the stack for thread: 0x00007fb54a828000
R10=0x00007fb54a828000 is a thread
R11=0x0 is NULL
R12=0x00007fb54a828000 is a thread
R13=0x000000012b2f3430 is pointing into metadata
R14=0x000000030b431838 is pointing into the stack for thread: 0x00007fb54a828000
R15=0x0000000000000053 is an unknown value


Registers:
RAX=0x000000010facb80e, RBX=0x0000000000000002, RCX=0x000000010facb870, RDX=0x0000000000000002
RSP=0x000000030b431380, RBP=0x000000030b4313b0, RSI=0x0000000000000053, RDI=0x000000000000000a
R8 =0x00007fb54a828000, R9 =0x000000030b4315c8, R10=0x00007fb54a828000, R11=0x0000000000000000
R12=0x00007fb54a828000, R13=0x000000012b2f3430, R14=0x000000030b431838, R15=0x0000000000000053
RIP=0x000000010facb7a0, EFLAGS=0x0000000000000203, ERR=0x0000000000000004
  TRAPNO=0x000000000000000e

Top of Stack: (sp=0x000000030b431380)
0x000000030b431380:   08007fb54a0c5989 0000000000000002
0x000000030b431390:   0000000002000000 0000000000000001
0x000000030b4313a0:   000000030b431b38 00000000000000a9
0x000000030b4313b0:   000000030b4314a0 000000010facbc10
0x000000030b4313c0:   000000030b431410 000000030b4315c8
0x000000030b4313d0:   000000030b4315ca 000000030b4315e7
0x000000030b4313e0:   0000000000000000 0000000000000000
0x000000030b4313f0:   0000005300000001 000000012b2f3430
0x000000030b431400:   0000000000000000 0000000000000000
0x000000030b431410:   0000000000000000 000000030b431530
0x000000030b431420:   0000000000000000 0000000000000002
0x000000030b431430:   0000000000000000 0000000000000000
0x000000030b431440:   0000000000000000 0000000000000000
0x000000030b431450:   0000000000000000 0000000000000000
0x000000030b431460:   000000030b431b50 000000030b431838
0x000000030b431470:   00007fb54a828000 0000000000000019
0x000000030b431480:   000000012b2f3430 000000030b431838
0x000000030b431490:   0000000000000012 00007fb54a828000
0x000000030b4314a0:   000000030b431610 000000010facd2c1
0x000000030b4314b0:   000000030b4315e7 000000030b4315ca
0x000000030b4314c0:   000000030b431530 00007fb54a828000
0x000000030b4314d0:   00007fb549c0c110 00007fb549c0c140
0x000000030b4314e0:   8ce908f1b9d52bb0 00007fb549c73200
0x000000030b4314f0:   0000000000000003 00007fb549d97a90
0x000000030b431500:   00007fb549c0c4f8 00000000000003d8
0x000000030b431510:   0000000000000004 0000000000000018
0x000000030b431520:   0000000000000012 0000000000000000
0x000000030b431530:   0000000000000000 0000000800480000
0x000000030b431540:   00007fb549da3270 0000000000000000
0x000000030b431550:   0000000000000000 000000080046c778
0x000000030b431560:   0000000800485580 000000030b431838
0x000000030b431570:   0000000000000002 0000000000000012 

Instructions: (pc=0x000000010facb7a0)
0x000000010facb6a0:   ce ff ff 66 0f 6f 85 80 fe ff ff 66 49 0f 7e c6
0x000000010facb6b0:   49 83 3e 00 48 8b 9d a8 fe ff ff 74 17 48 89 df
0x000000010facb6c0:   48 8b b5 b0 fe ff ff e8 54 b9 e8 ff 4c 89 f7 e8
0x000000010facb6d0:   8c b7 e8 ff 0f 28 85 80 fe ff ff 0f 11 43 10 48
0x000000010facb6e0:   8b 85 b8 fe ff ff 48 89 43 20 48 8b 05 9f ba 8c
0x000000010facb6f0:   00 48 8b 00 48 3b 45 d0 75 12 48 81 c4 58 01 00
0x000000010facb700:   00 5b 41 5c 41 5d 41 5e 41 5f 5d c3 e8 0f 02 82
0x000000010facb710:   00 66 2e 0f 1f 84 00 00 00 00 00 0f 1f 44 00 00
0x000000010facb720:   55 48 89 e5 41 57 41 56 41 55 41 54 53 50 4d 89
0x000000010facb730:   c4 41 89 cf 89 d3 49 89 f5 49 89 fe 85 d2 7e 06
0x000000010facb740:   41 39 5d 3c 7f 14 48 8d 35 47 1b 83 00 4c 89 f7
0x000000010facb750:   89 da 4c 89 e1 e8 a6 cc ff ff 49 83 7c 24 08 00
0x000000010facb760:   74 0f 48 83 c4 08 5b 41 5c 41 5d 41 5e 41 5f 5d
0x000000010facb770:   c3 49 8b 45 08 48 63 cb 8a 44 08 04 88 45 d7 4c
0x000000010facb780:   89 ef 44 89 fe e8 96 46 07 00 83 c0 fc 83 f8 08
0x000000010facb790:   77 36 48 8d 0d d7 00 00 00 48 63 04 81 48 01 c8
0x000000010facb7a0:   ff e0 80 7d d7 03 74 ba 48 8d 35 2c 1b 83 00 4c
0x000000010facb7b0:   89 f7 4c 89 e2 48 83 c4 08 5b 41 5c 41 5d 41 5e
0x000000010facb7c0:   41 5f 5d e9 88 cb ff ff 48 8d 35 7b 1b 83 00 4c
0x000000010facb7d0:   89 f7 89 da 4c 89 e1 48 83 c4 08 5b 41 5c 41 5d
0x000000010facb7e0:   41 5e 41 5f 5d e9 16 cc ff ff 80 7d d7 04 0f 84
0x000000010facb7f0:   6e ff ff ff eb b2 80 7d d7 06 0f 84 62 ff ff ff
0x000000010facb800:   eb a6 80 7d d7 05 0f 84 56 ff ff ff eb 9a 49 63
0x000000010facb810:   c7 49 8b 44 c5 48 66 83 78 04 12 75 47 f3 0f 6f
0x000000010facb820:   40 06 0f b7 40 16 66 48 0f 6e c8 b8 67 3b 00 00
0x000000010facb830:   66 48 0f 6e d0 66 0f 74 d1 66 0f 74 05 4f 8c 8a
0x000000010facb840:   00 66 0f db c2 66 0f d7 c8 31 c0 81 f9 ff ff 00
0x000000010facb850:   00 0f 95 c1 80 7d d7 08 75 0a 88 c8 85 c0 0f 84
0x000000010facb860:   fe fe ff ff 48 8d 35 b5 1a 83 00 e9 3f ff ff ff
0x000000010facb870:   32 ff ff ff 32 ff ff ff 7a ff ff ff 86 ff ff ff
0x000000010facb880:   32 ff ff ff 32 ff ff ff 32 ff ff ff 92 ff ff ff
0x000000010facb890:   9e ff ff ff 66 2e 0f 1f 84 00 00 00 00 00 66 90 


Stack slot to memory mapping:
stack at sp + 0 slots: 0x08007fb54a0c5989 points into unknown readable memory: 00 05 00 08 00 09 00
stack at sp + 1 slots: 0x0000000000000002 is an unknown value
stack at sp + 2 slots: 0x0000000002000000 is an unknown value
stack at sp + 3 slots: 0x0000000000000001 is an unknown value
stack at sp + 4 slots: 0x000000030b431b38 is pointing into the stack for thread: 0x00007fb54a828000
stack at sp + 5 slots: 0x00000000000000a9 is an unknown value
stack at sp + 6 slots: 0x000000030b4314a0 is pointing into the stack for thread: 0x00007fb54a828000
stack at sp + 7 slots: 0x000000010facbc10: _ZN15ClassFileParser22parse_field_attributesEPK15ClassFileStreamtbtPtPbS3_PNS_24FieldAnnotationCollectorEP6Thread+0x370 in /Library/Java/JavaVirtualMachines/jdk-16.0.2.jdk/Contents/Home/lib/server/libjvm.dylib at 0x000000010f800000


---------------  P R O C E S S  ---------------

Threads class SMR info:
_java_thread_list=0x00007fb539c30810, length=16, elements={
0x00007fb53a008600, 0x00007fb53a023c00, 0x00007fb54b017800, 0x00007fb53a024200,
0x00007fb54a009c00, 0x00007fb54a810600, 0x00007fb54a810c00, 0x00007fb54b018400,
0x00007fb54b019400, 0x00007fb54b00e600, 0x00007fb54a826800, 0x00007fb54a012000,
0x00007fb53a028000, 0x00007fb54a8f7600, 0x00007fb54a828000, 0x00007fb54a8f7c00
}

Java Threads: ( => current thread )
  0x00007fb53a008600 JavaThread "main" [_thread_blocked, id=7683, stack(0x0000000309ec4000,0x0000000309fc4000)]
  0x00007fb53a023c00 JavaThread "Reference Handler" daemon [_thread_blocked, id=16991, stack(0x000000030a1cd000,0x000000030a2cd000)]
  0x00007fb54b017800 JavaThread "Finalizer" daemon [_thread_blocked, id=14595, stack(0x000000030a2d0000,0x000000030a3d0000)]
  0x00007fb53a024200 JavaThread "Signal Dispatcher" daemon [_thread_blocked, id=42551, stack(0x000000030a4e3000,0x000000030a5e3000)]
  0x00007fb54a009c00 JavaThread "Service Thread" daemon [_thread_blocked, id=42243, stack(0x000000030a5e6000,0x000000030a6e6000)]
  0x00007fb54a810600 JavaThread "Monitor Deflation Thread" daemon [_thread_blocked, id=23043, stack(0x000000030a6e9000,0x000000030a7e9000)]
  0x00007fb54a810c00 JavaThread "C2 CompilerThread0" daemon [_thread_blocked, id=23299, stack(0x000000030a7ec000,0x000000030a8ec000)]
  0x00007fb54b018400 JavaThread "C1 CompilerThread0" daemon [_thread_blocked, id=41475, stack(0x000000030a8ef000,0x000000030a9ef000)]
  0x00007fb54b019400 JavaThread "Sweeper thread" daemon [_thread_blocked, id=23811, stack(0x000000030a9f2000,0x000000030aaf2000)]
  0x00007fb54b00e600 JavaThread "Common-Cleaner" daemon [_thread_blocked, id=24491, stack(0x000000030aaf5000,0x000000030abf5000)]
  0x00007fb54a826800 JavaThread "Notification Thread" daemon [_thread_blocked, id=40103, stack(0x000000030abf8000,0x000000030acf8000)]
  0x00007fb54a012000 JavaThread "process reaper" daemon [_thread_blocked, id=25579, stack(0x000000030adfe000,0x000000030ae22000)]
  0x00007fb53a028000 JavaThread "Active Thread: Equinox Container: a94426d1-0600-402b-bc16-86228c61b126" [_thread_blocked, id=26523, stack(0x000000030ae25000,0x000000030af25000)]
  0x00007fb54a8f7600 JavaThread "Framework Event Dispatcher: Equinox Container: a94426d1-0600-402b-bc16-86228c61b126" daemon [_thread_blocked, id=27919, stack(0x000000030b231000,0x000000030b331000)]
=>0x00007fb54a828000 JavaThread "Start Level: Equinox Container: a94426d1-0600-402b-bc16-86228c61b126" daemon [_thread_in_vm, id=28171, stack(0x000000030b334000,0x000000030b434000)]
  0x00007fb54a8f7c00 JavaThread "SCR Component Actor" daemon [_thread_blocked, id=31527, stack(0x000000030b437000,0x000000030b537000)]

Other Threads:
  0x00007fb549d155e0 VMThread "VM Thread" [stack: 0x000000030a0ca000,0x000000030a1ca000] [id=17411]
  0x00007fb549e40bc0 WatcherThread [stack: 0x000000030acfb000,0x000000030adfb000] [id=25127]
  0x00007fb549e15730 GCTaskThread "GC Thread#0" [stack: 0x0000000309fc7000,0x000000030a0c7000] [id=13571]
  0x00007fb539c78f20 GCTaskThread "GC Thread#1" [stack: 0x000000030af28000,0x000000030b028000] [id=38235]
  0x00007fb539c79940 GCTaskThread "GC Thread#2" [stack: 0x000000030b02b000,0x000000030b12b000] [id=27139]
  0x00007fb539c7a360 GCTaskThread "GC Thread#3" [stack: 0x000000030b12e000,0x000000030b22e000] [id=27651]

Threads with active compile tasks:

VM state: not at safepoint (normal execution)

VM Mutex/Monitor currently owned by a thread: None

Heap address: 0x00000007c0000000, size: 1024 MB, Compressed Oops mode: Zero based, Oop shift amount: 3

CDS archive(s) mapped at: [0x0000000800000000-0x0000000800bbb000-0x0000000800bbb000), size 12300288, SharedBaseAddress: 0x0000000800000000, ArchiveRelocationMode: 0.
Compressed class space mapped at: 0x0000000800c00000-0x0000000840c00000, reserved size: 1073741824
Narrow klass base: 0x0000000800000000, Narrow klass shift: 3, Narrow klass range: 0x100000000

GC Precious Log:
 CPUs: 8 total, 8 available
 Memory: 8192M
 Large Page Support: Disabled
 NUMA Support: Disabled
 Compressed Oops: Enabled (Zero based)
 Alignments: Space 512K, Generation 512K, Heap 2M
 Heap Min Capacity: 100M
 Heap Initial Capacity: 100M
 Heap Max Capacity: 1G
 Pre-touch: Disabled
 Parallel Workers: 8

Heap:
 PSYoungGen      total 29696K, used 6934K [0x00000007eab00000, 0x00000007ecc00000, 0x0000000800000000)
  eden space 25600K, 11% used [0x00000007eab00000,0x00000007eadc9880,0x00000007ec400000)
  from space 4096K, 99% used [0x00000007ec400000,0x00000007ec7fc2f0,0x00000007ec800000)
  to   space 4096K, 0% used [0x00000007ec800000,0x00000007ec800000,0x00000007ecc00000)
 ParOldGen       total 68608K, used 454K [0x00000007c0000000, 0x00000007c4300000, 0x00000007eab00000)
  object space 68608K, 0% used [0x00000007c0000000,0x00000007c0071810,0x00000007c4300000)
 Metaspace       used 7647K, committed 7936K, reserved 1056768K
  class space    used 739K, committed 896K, reserved 1048576K

Card table byte_map: [0x000000012869c000,0x000000012889d000] _byte_map_base: 0x000000012489c000

Marking Bits: (ParMarkBitMap*) 0x00000001104a9a40
 Begin Bits: [0x00000001289f3000, 0x00000001299f3000)
 End Bits:   [0x00000001299f3000, 0x000000012a9f3000)

Polling page: 0x0000000102e76000

Metaspace:

Usage:
  Non-class:      6.75 MB used.
      Class:    739.01 KB used.
       Both:      7.47 MB used.

Virtual space:
  Non-class space:        8.00 MB reserved,       6.88 MB ( 86%) committed,  1 nodes.
      Class space:        1.00 GB reserved,     896.00 KB ( <1%) committed,  1 nodes.
              Both:        1.01 GB reserved,       7.75 MB ( <1%) committed. 

Chunk freelists:
   Non-Class:  1.03 MB
       Class:  2.99 MB
        Both:  4.02 MB

MaxMetaspaceSize: 17179869184.00 GB
CompressedClassSpaceSize: 1.00 GB
 - commit_granule_bytes: 65536.
 - commit_granule_words: 8192.
 - virtual_space_node_default_size: 1048576.
 - enlarge_chunks_in_place: 1.
 - new_chunks_are_fully_committed: 0.
 - uncommit_free_chunks: 1.
 - use_allocation_guard: 0.
 - handle_deallocations: 1.


Internal statistics:

num_allocs_failed_limit: 0.
num_arena_births: 102.
num_arena_deaths: 0.
num_vsnodes_births: 2.
num_vsnodes_deaths: 0.
num_space_committed: 124.
num_space_uncommitted: 0.
num_chunks_returned_to_freelist: 0.
num_chunks_taken_from_freelist: 277.
num_chunk_merges: 0.
num_chunk_splits: 176.
num_chunks_enlarged: 132.
num_purges: 0.

CodeHeap 'non-profiled nmethods': size=120028Kb used=440Kb max_used=440Kb free=119587Kb
 bounds [0x0000000121165000, 0x00000001213d5000, 0x000000012869c000]
CodeHeap 'profiled nmethods': size=120028Kb used=2569Kb max_used=2569Kb free=117458Kb
 bounds [0x0000000119c2e000, 0x0000000119ebe000, 0x0000000121165000]
CodeHeap 'non-nmethods': size=5704Kb used=1150Kb max_used=1164Kb free=4553Kb
 bounds [0x000000011969c000, 0x000000011990c000, 0x0000000119c2e000]
 total_blobs=1886 nmethods=1449 adapters=353
 compilation: enabled
              stopped_count=0, restarted_count=0
 full_count=0

Compilation events (20 events):
Event: 1.320 Thread 0x00007fb54b018400 1444       3       java.lang.invoke.BootstrapMethodInvoker::maybeReBox (28 bytes)
Event: 1.320 Thread 0x00007fb54b018400 nmethod 1444 0x0000000119ea6690 code [0x0000000119ea6880, 0x0000000119ea6e90]
Event: 1.320 Thread 0x00007fb54b018400 1443       3       java.lang.invoke.MethodHandleNatives::findMethodHandleType (7 bytes)
Event: 1.320 Thread 0x00007fb54b018400 nmethod 1443 0x0000000119ea7090 code [0x0000000119ea7240, 0x0000000119ea7360]
Event: 1.321 Thread 0x00007fb54b018400 1445       1       org.eclipse.osgi.internal.hookregistry.ClassLoaderHook::getClassPathEntries (2 bytes)
Event: 1.321 Thread 0x00007fb54b018400 nmethod 1445 0x00000001211d3010 code [0x00000001211d31a0, 0x00000001211d3270]
Event: 1.323 Thread 0x00007fb54b018400 1446       3       org.eclipse.osgi.internal.serviceregistry.FilteredServiceListener::serviceChanged (284 bytes)
Event: 1.325 Thread 0x00007fb54b018400 nmethod 1446 0x0000000119ea7410 code [0x0000000119ea7a60, 0x0000000119eaa890]
Event: 1.325 Thread 0x00007fb54b018400 1447       3       org.eclipse.osgi.framework.util.CaseInsensitiveDictionaryMap::keyWrap (35 bytes)
Event: 1.325 Thread 0x00007fb54b018400 nmethod 1447 0x0000000119eab810 code [0x0000000119eaba00, 0x0000000119eac090]
Event: 1.325 Thread 0x00007fb54b018400 1448       3       org.eclipse.osgi.framework.util.CaseInsensitiveDictionaryMap::findCommonKeyIndex (930 bytes)
Event: 1.326 Thread 0x00007fb54b018400 nmethod 1448 0x0000000119eac210 code [0x0000000119eac840, 0x0000000119eaec60]
Event: 1.326 Thread 0x00007fb54b018400 1449       3       java.util.concurrent.locks.ReentrantLock::unlock (10 bytes)
Event: 1.327 Thread 0x00007fb54b018400 nmethod 1449 0x0000000119eaf090 code [0x0000000119eaf260, 0x0000000119eaf530]
Event: 1.327 Thread 0x00007fb54b018400 1450       3       java.lang.invoke.MethodHandleNatives::refKindIsMethod (19 bytes)
Event: 1.327 Thread 0x00007fb54b018400 nmethod 1450 0x0000000119eaf610 code [0x0000000119eaf7c0, 0x0000000119eafa10]
Event: 1.331 Thread 0x00007fb54b018400 1451       3       java.lang.invoke.MethodType::changeReturnType (20 bytes)
Event: 1.331 Thread 0x00007fb54b018400 nmethod 1451 0x0000000119eafa90 code [0x0000000119eafc40, 0x0000000119eafe00]
Event: 1.335 Thread 0x00007fb54b018400 1452       3       java.lang.invoke.MethodHandles$Lookup::isClassAccessible (36 bytes)
Event: 1.336 Thread 0x00007fb54b018400 nmethod 1452 0x0000000119eafe90 code [0x0000000119eb0060, 0x0000000119eb0470]

GC Heap History (2 events):
Event: 1.162 GC heap before
{Heap before GC invocations=1 (full 0):
 PSYoungGen      total 29696K, used 25600K [0x00000007eab00000, 0x00000007ecc00000, 0x0000000800000000)
  eden space 25600K, 100% used [0x00000007eab00000,0x00000007ec400000,0x00000007ec400000)
  from space 4096K, 0% used [0x00000007ec800000,0x00000007ec800000,0x00000007ecc00000)
  to   space 4096K, 0% used [0x00000007ec400000,0x00000007ec400000,0x00000007ec800000)
 ParOldGen       total 68608K, used 0K [0x00000007c0000000, 0x00000007c4300000, 0x00000007eab00000)
  object space 68608K, 0% used [0x00000007c0000000,0x00000007c0000000,0x00000007c4300000)
 Metaspace       used 7055K, committed 7296K, reserved 1056768K
  class space    used 668K, committed 768K, reserved 1048576K
}
Event: 1.171 GC heap after
{Heap after GC invocations=1 (full 0):
 PSYoungGen      total 29696K, used 4080K [0x00000007eab00000, 0x00000007ecc00000, 0x0000000800000000)
  eden space 25600K, 0% used [0x00000007eab00000,0x00000007eab00000,0x00000007ec400000)
  from space 4096K, 99% used [0x00000007ec400000,0x00000007ec7fc2f0,0x00000007ec800000)
  to   space 4096K, 0% used [0x00000007ec800000,0x00000007ec800000,0x00000007ecc00000)
 ParOldGen       total 68608K, used 454K [0x00000007c0000000, 0x00000007c4300000, 0x00000007eab00000)
  object space 68608K, 0% used [0x00000007c0000000,0x00000007c0071810,0x00000007c4300000)
 Metaspace       used 7055K, committed 7296K, reserved 1056768K
  class space    used 668K, committed 768K, reserved 1048576K
}

Deoptimization events (20 events):
Event: 0.661 Thread 0x00007fb53a008600 DEOPT PACKING pc=0x0000000121197060 sp=0x0000000309fc2c40
Event: 0.661 Thread 0x00007fb53a008600 DEOPT UNPACKING pc=0x00000001196e911e sp=0x0000000309fc2b58 mode 2
Event: 0.662 Thread 0x00007fb53a008600 Uncommon trap: trap_request=0xffffff45 fr.pc=0x000000012117cb3c relative=0x000000000000009c
Event: 0.662 Thread 0x00007fb53a008600 Uncommon trap: reason=unstable_if action=reinterpret pc=0x000000012117cb3c method=java.util.HashMap.hash(Ljava/lang/Object;)I @ 1 c2
Event: 0.662 Thread 0x00007fb53a008600 DEOPT PACKING pc=0x000000012117cb3c sp=0x0000000309fc2ca0
Event: 0.662 Thread 0x00007fb53a008600 DEOPT UNPACKING pc=0x00000001196e911e sp=0x0000000309fc2c58 mode 2
Event: 0.703 Thread 0x00007fb53a008600 Uncommon trap: trap_request=0xffffffde fr.pc=0x0000000121171890 relative=0x0000000000000410
Event: 0.703 Thread 0x00007fb53a008600 Uncommon trap: reason=class_check action=maybe_recompile pc=0x0000000121171890 method=java.util.HashMap.putVal(ILjava/lang/Object;Ljava/lang/Object;ZZ)Ljava/lang/Object; @ 253 c2
Event: 0.703 Thread 0x00007fb53a008600 DEOPT PACKING pc=0x0000000121171890 sp=0x0000000309fc1b50
Event: 0.703 Thread 0x00007fb53a008600 DEOPT UNPACKING pc=0x00000001196e911e sp=0x0000000309fc1ae0 mode 2
Event: 0.703 Thread 0x00007fb53a008600 Uncommon trap: trap_request=0xffffffde fr.pc=0x0000000121171890 relative=0x0000000000000410
Event: 0.703 Thread 0x00007fb53a008600 Uncommon trap: reason=class_check action=maybe_recompile pc=0x0000000121171890 method=java.util.HashMap.putVal(ILjava/lang/Object;Ljava/lang/Object;ZZ)Ljava/lang/Object; @ 253 c2
Event: 0.703 Thread 0x00007fb53a008600 DEOPT PACKING pc=0x0000000121171890 sp=0x0000000309fc1b50
Event: 0.703 Thread 0x00007fb53a008600 DEOPT UNPACKING pc=0x00000001196e911e sp=0x0000000309fc1ae0 mode 2
Event: 0.982 Thread 0x00007fb53a008600 Uncommon trap: trap_request=0xffffff45 fr.pc=0x0000000121195530 relative=0x00000000000000f0
Event: 0.982 Thread 0x00007fb53a008600 Uncommon trap: reason=unstable_if action=reinterpret pc=0x0000000121195530 method=java.lang.ThreadLocal$ThreadLocalMap.getEntry(Ljava/lang/ThreadLocal;)Ljava/lang/ThreadLocal$ThreadLocalMap$Entry; @ 29 c2
Event: 0.982 Thread 0x00007fb53a008600 DEOPT PACKING pc=0x0000000121195530 sp=0x0000000309fc2b80
Event: 0.983 Thread 0x00007fb53a008600 DEOPT UNPACKING pc=0x00000001196e911e sp=0x0000000309fc2ab8 mode 2
Event: 1.114 Thread 0x00007fb53a008600 DEOPT PACKING pc=0x0000000119ca546e sp=0x0000000309fc1650
Event: 1.114 Thread 0x00007fb53a008600 DEOPT UNPACKING pc=0x00000001196e989b sp=0x0000000309fc0ae8 mode 0

Classes unloaded (0 events):
No events

Classes redefined (0 events):
No events

Internal exceptions (20 events):
Event: 0.661 Thread 0x00007fb53a008600 Implicit null exception at 0x000000012118a55b to 0x000000012118aec0
Event: 0.661 Thread 0x00007fb53a008600 Implicit null exception at 0x0000000121196e6f to 0x0000000121197048
Event: 0.662 Thread 0x00007fb53a008600 Implicit null exception at 0x000000012117caaf to 0x000000012117cb2d
Event: 0.714 Thread 0x00007fb53a008600 Exception <a 'java/lang/NoSuchMethodError'{0x00000007eb88dd00}: 'int java.lang.invoke.DirectMethodHandle$Holder.invokeStaticInit(java.lang.Object, java.lang.Object, java.lang.Object, java.lang.Object)'> (0x00000007eb88dd00) 
thrown [./open/src/hotspot/share/interpreter/linkResolver.cpp, line 790]
Event: 0.715 Thread 0x00007fb53a008600 Exception <a 'java/lang/NoSuchMethodError'{0x00000007eb898458}: 'java.lang.Object java.lang.invoke.DirectMethodHandle$Holder.invokeInterface(java.lang.Object, java.lang.Object)'> (0x00000007eb898458) 
thrown [./open/src/hotspot/share/interpreter/linkResolver.cpp, line 790]
Event: 0.716 Thread 0x00007fb53a008600 Exception <a 'java/lang/IncompatibleClassChangeError'{0x00000007eb89be50}: Found class java.lang.Object, but interface was expected> (0x00000007eb89be50) 
thrown [./open/src/hotspot/share/interpreter/linkResolver.cpp, line 857]
Event: 0.717 Thread 0x00007fb53a008600 Exception <a 'java/lang/NoSuchMethodError'{0x00000007eb89edf8}: 'void java.lang.invoke.DirectMethodHandle$Holder.invokeStatic(java.lang.Object, java.lang.Object)'> (0x00000007eb89edf8) 
thrown [./open/src/hotspot/share/interpreter/linkResolver.cpp, line 790]
Event: 0.717 Thread 0x00007fb53a008600 Exception <a 'java/lang/NoSuchMethodError'{0x00000007eb8a2918}: 'void java.lang.invoke.DirectMethodHandle$Holder.invokeStaticInit(java.lang.Object, java.lang.Object)'> (0x00000007eb8a2918) 
thrown [./open/src/hotspot/share/interpreter/linkResolver.cpp, line 790]
Event: 0.718 Thread 0x00007fb53a008600 Exception <a 'java/lang/NoSuchMethodError'{0x00000007eb8aa0f0}: 'int java.lang.invoke.DirectMethodHandle$Holder.invokeStaticInit(java.lang.Object, java.lang.Object)'> (0x00000007eb8aa0f0) 
thrown [./open/src/hotspot/share/interpreter/linkResolver.cpp, line 790]
Event: 0.765 Thread 0x00007fb53a008600 Exception <a 'java/lang/NoSuchMethodError'{0x00000007eb983438}: 'void java.lang.invoke.DirectMethodHandle$Holder.invokeSpecial(java.lang.Object, java.lang.Object, java.lang.Object)'> (0x00000007eb983438) 
thrown [./open/src/hotspot/share/interpreter/linkResolver.cpp, line 790]
Event: 0.779 Thread 0x00007fb53a008600 Exception <a 'java/lang/NoSuchMethodError'{0x00000007eba16120}: 'void java.lang.invoke.DirectMethodHandle$Holder.invokeInterface(java.lang.Object, java.lang.Object)'> (0x00000007eba16120) 
thrown [./open/src/hotspot/share/interpreter/linkResolver.cpp, line 790]
Event: 0.788 Thread 0x00007fb53a008600 Exception <a 'java/lang/NoSuchMethodError'{0x00000007eba40ce0}: 'java.lang.Object java.lang.invoke.DirectMethodHandle$Holder.newInvokeSpecial(java.lang.Object, int, java.lang.Object, java.lang.Object)'> (0x00000007eba40ce0) 
thrown [./open/src/hotspot/share/interpreter/linkResolver.cpp, line 790]
Event: 0.789 Thread 0x00007fb53a008600 Exception <a 'java/lang/NoSuchMethodError'{0x00000007eba44ff8}: 'java.lang.Object java.lang.invoke.DirectMethodHandle$Holder.invokeSpecial(java.lang.Object, java.lang.Object, int, java.lang.Object, java.lang.Object)'> (0x00000007eba44ff8) 
thrown [./open/src/hotspot/share/interpreter/linkResolver.cpp, line 790]
Event: 0.846 Thread 0x00007fb53a008600 Exception <a 'java/lang/NoSuchMethodError'{0x00000007ebcb0920}: 'void java.lang.invoke.DirectMethodHandle$Holder.invokeStatic(java.lang.Object, java.lang.Object, java.lang.Object, java.lang.Object)'> (0x00000007ebcb0920) 
thrown [./open/src/hotspot/share/interpreter/linkResolver.cpp, line 790]
Event: 0.917 Thread 0x00007fb53a008600 Exception <a 'java/lang/NoSuchMethodError'{0x00000007ebe6e840}: 'java.lang.Object java.lang.invoke.Invokers$Holder.invokeExact_MT(java.lang.Object, java.lang.Object, java.lang.Object, java.lang.Object, java.lang.Object, java.lang.Object)'> (0x00000007ebe6e840) 
thrown [./open/src/hotspot/share/interpreter/linkResolver.cpp, line 790]
Event: 1.051 Thread 0x00007fb53a008600 Exception <a 'java/lang/NoSuchMethodError'{0x00000007ec134900}: 'java.lang.Object java.lang.invoke.DirectMethodHandle$Holder.newInvokeSpecial(java.lang.Object, int, java.lang.Object)'> (0x00000007ec134900) 
thrown [./open/src/hotspot/share/interpreter/linkResolver.cpp, line 790]
Event: 1.211 Thread 0x00007fb53a008600 Exception <a 'java/lang/NoSuchMethodError'{0x00000007eab469a0}: 'java.lang.Object java.lang.invoke.DirectMethodHandle$Holder.newInvokeSpecial(java.lang.Object, java.lang.Object, java.lang.Object, java.lang.Object, int)'> (0x00000007eab469a0) 
thrown [./open/src/hotspot/share/interpreter/linkResolver.cpp, line 790]
Event: 1.212 Thread 0x00007fb53a008600 Exception <a 'java/lang/NoSuchMethodError'{0x00000007eab4adf0}: 'java.lang.Object java.lang.invoke.DirectMethodHandle$Holder.invokeSpecial(java.lang.Object, java.lang.Object, java.lang.Object, java.lang.Object, java.lang.Object, int)'> (0x00000007eab4adf0) 
thrown [./open/src/hotspot/share/interpreter/linkResolver.cpp, line 790]
Event: 1.213 Thread 0x00007fb53a008600 Exception <a 'java/lang/NoSuchMethodError'{0x00000007eab4ecd8}: 'java.lang.Object java.lang.invoke.Invokers$Holder.linkToTargetMethod(java.lang.Object, java.lang.Object, java.lang.Object, int, java.lang.Object)'> (0x00000007eab4ecd8) 
thrown [./open/src/hotspot/share/interpreter/linkResolver.cpp, line 790]
Event: 1.228 Thread 0x00007fb53a008600 Exception <a 'java/lang/UnsatisfiedLinkError'{0x00000007eabe8810}: 'void org.eclipse.equinox.launcher.JNIBridge._update_splash()'> (0x00000007eabe8810) 
thrown [./open/src/hotspot/share/prims/nativeLookup.cpp, line 541]

Events (20 events):
Event: 1.171 Executing  VM operation: ParallelGCFailedAllocation done
Event: 1.206 loading class java/util/concurrent/CountDownLatch
Event: 1.206 loading class java/util/concurrent/CountDownLatch done
Event: 1.206 loading class java/util/concurrent/CountDownLatch$Sync
Event: 1.206 loading class java/util/concurrent/CountDownLatch$Sync done
Event: 1.218 Thread 0x00007fb54a8f7600 Thread added: 0x00007fb54a8f7600
Event: 1.218 Protecting memory [0x000000030b231000,0x000000030b235000] with protection modes 0
Event: 1.227 Thread 0x00007fb54a828000 Thread added: 0x00007fb54a828000
Event: 1.227 Protecting memory [0x000000030b334000,0x000000030b338000] with protection modes 0
Event: 1.266 Loaded shared library /Users/prerak/Library/Application Support/Code/User/globalStorage/redhat.java/0.82.0/config_mac/org.eclipse.equinox.launcher/org.eclipse.equinox.launcher.cocoa.macosx.x86_64_1.2.300.v20210828-0802/eclipse_11506.so
Event: 1.269 loading class java/util/concurrent/locks/AbstractQueuedSynchronizer$SharedNode
Event: 1.269 loading class java/util/concurrent/locks/AbstractQueuedSynchronizer$SharedNode done
Event: 1.301 loading class java/util/TimerTask
Event: 1.301 loading class java/util/TimerTask done
Event: 1.303 Thread 0x00007fb54a8f7c00 Thread added: 0x00007fb54a8f7c00
Event: 1.303 Protecting memory [0x000000030b437000,0x000000030b43b000] with protection modes 0
Event: 1.305 loading class java/util/MissingResourceException
Event: 1.305 loading class java/util/MissingResourceException done
Event: 1.328 loading class sun/invoke/util/VerifyAccess$1
Event: 1.328 loading class sun/invoke/util/VerifyAccess$1 done


Dynamic libraries:
0x00007ffdffd31000 	/usr/libexec/rosetta/runtime
0x000000010ae7c000 	/Library/Apple/usr/libexec/oah/libRosettaRuntime
0x00007fff2a5b8000 	/usr/lib/libz.1.dylib
0x000000010b377000 	/Library/Java/JavaVirtualMachines/jdk-16.0.2.jdk/Contents/Home/lib/libjli.dylib
0x00007fff35145000 	/System/Library/Frameworks/Cocoa.framework/Versions/A/Cocoa
0x00007fff220ec000 	/System/Library/Frameworks/Security.framework/Versions/A/Security
0x00007fff3334d000 	/System/Library/Frameworks/ApplicationServices.framework/Versions/A/ApplicationServices
0x00007fff2a684000 	/usr/lib/libSystem.B.dylib
0x00007fff2a67e000 	/usr/lib/system/libcache.dylib
0x00007fff2a63a000 	/usr/lib/system/libcommonCrypto.dylib
0x00007fff2a664000 	/usr/lib/system/libcompiler_rt.dylib
0x00007fff2a659000 	/usr/lib/system/libcopyfile.dylib
0x00007fff200ba000 	/usr/lib/system/libcorecrypto.dylib
0x00007fff20185000 	/usr/lib/system/libdispatch.dylib
0x00007fff20338000 	/usr/lib/system/libdyld.dylib
0x00007fff2a675000 	/usr/lib/system/libkeymgr.dylib
0x00007fff2dbdd000 	/usr/lib/system/liblaunch.dylib
0x00007fff2a618000 	/usr/lib/system/libmacho.dylib
0x00007fff29e0c000 	/usr/lib/system/libquarantine.dylib
0x00007fff2a672000 	/usr/lib/system/libremovefile.dylib
0x00007fff24ac8000 	/usr/lib/system/libsystem_asl.dylib
0x00007fff2006a000 	/usr/lib/system/libsystem_blocks.dylib
0x00007fff20207000 	/usr/lib/system/libsystem_c.dylib
0x00007fff2a66c000 	/usr/lib/system/libsystem_collections.dylib
0x00007fff29204000 	/usr/lib/system/libsystem_configuration.dylib
0x00007fff284ec000 	/usr/lib/system/libsystem_containermanager.dylib
0x00007fff2a3b7000 	/usr/lib/system/libsystem_coreservices.dylib
0x00007fff226a4000 	/usr/lib/system/libsystem_darwin.dylib
0x00007fff2a676000 	/usr/lib/system/libsystem_dnssd.dylib
0x00007fff20204000 	/usr/lib/system/libsystem_featureflags.dylib
0x00007fff2037e000 	/usr/lib/system/libsystem_info.dylib
0x00007fff2a5cb000 	/usr/lib/system/libsystem_m.dylib
0x00007fff20158000 	/usr/lib/system/libsystem_malloc.dylib
0x00007fff24a5b000 	/usr/lib/system/libsystem_networkextension.dylib
0x00007fff22ac3000 	/usr/lib/system/libsystem_notify.dylib
0x00007fff30074000 	/usr/lib/system/libsystem_product_info_filter.dylib
0x00007fff29208000 	/usr/lib/system/libsystem_sandbox.dylib
0x00007fff2a66f000 	/usr/lib/system/libsystem_secinit.dylib
0x00007fff202fc000 	/usr/lib/system/libsystem_kernel.dylib
0x00007fff20374000 	/usr/lib/system/libsystem_platform.dylib
0x00007fff2032c000 	/usr/lib/system/libsystem_pthread.dylib
0x00007fff261d9000 	/usr/lib/system/libsystem_symptoms.dylib
0x00007fff200a2000 	/usr/lib/system/libsystem_trace.dylib
0x00007fff2a646000 	/usr/lib/system/libunwind.dylib
0x00007fff2006c000 	/usr/lib/system/libxpc.dylib
0x00007fff202e6000 	/usr/lib/libc++abi.dylib
0x00007fff201ca000 	/usr/lib/libobjc.A.dylib
0x00007fff2a651000 	/usr/lib/liboah.dylib
0x00007fff20290000 	/usr/lib/libc++.1.dylib
0x00007fff203aa000 	/System/Library/Frameworks/CoreFoundation.framework/Versions/A/CoreFoundation
0x00007fff21084000 	/System/Library/Frameworks/Foundation.framework/Versions/C/Foundation
0x00007fff22b1d000 	/System/Library/Frameworks/AppKit.framework/Versions/C/AppKit
0x00007fff25a09000 	/System/Library/Frameworks/CoreData.framework/Versions/A/CoreData
0x00007fff23869000 	/System/Library/PrivateFrameworks/UIFoundation.framework/Versions/A/UIFoundation
0x00007fff2fe07000 	/System/Library/PrivateFrameworks/RemoteViewServices.framework/Versions/A/RemoteViewServices
0x00007fff28bb2000 	/System/Library/PrivateFrameworks/XCTTargetBootstrap.framework/Versions/A/XCTTargetBootstrap
0x00007fff2b905000 	/usr/lib/libspindump.dylib
0x00007fff23ab8000 	/System/Library/Frameworks/UniformTypeIdentifiers.framework/Versions/A/UniformTypeIdentifiers
0x00007fff273b6000 	/usr/lib/libapp_launch_measurement.dylib
0x00007fff273b9000 	/System/Library/PrivateFrameworks/CoreAutoLayout.framework/Versions/A/CoreAutoLayout
0x00007fff28519000 	/System/Library/Frameworks/Metal.framework/Versions/A/Metal
0x00007fff29213000 	/usr/lib/liblangid.dylib
0x00007fff28bb6000 	/System/Library/PrivateFrameworks/CoreSVG.framework/Versions/A/CoreSVG
0x00007fff24af8000 	/System/Library/PrivateFrameworks/SkyLight.framework/Versions/A/SkyLight
0x00007fff24e5e000 	/System/Library/Frameworks/CoreGraphics.framework/Versions/A/CoreGraphics
0x00007fff3032e000 	/System/Library/Frameworks/Accelerate.framework/Versions/A/Accelerate
0x00007fff2b343000 	/System/Library/PrivateFrameworks/IconServices.framework/Versions/A/IconServices
0x00007fff284fd000 	/System/Library/Frameworks/IOSurface.framework/Versions/A/IOSurface
0x00007fff2639d000 	/usr/lib/libDiagnosticMessagesClient.dylib
0x00007fff28b9e000 	/System/Library/PrivateFrameworks/DFRFoundation.framework/Versions/A/DFRFoundation
0x00007fff22444000 	/usr/lib/libicucore.A.dylib
0x00007fff2ce46000 	/System/Library/Frameworks/AudioToolbox.framework/Versions/A/AudioToolbox
0x00007fff2c0ce000 	/System/Library/PrivateFrameworks/DataDetectorsCore.framework/Versions/A/DataDetectorsCore
0x00007fff24a6b000 	/usr/lib/libMobileGestalt.dylib
0x00007fff288a2000 	/System/Library/Frameworks/Carbon.framework/Versions/A/Frameworks/HIToolbox.framework/Versions/A/HIToolbox
0x00007fff26dfb000 	/System/Library/Frameworks/QuartzCore.framework/Versions/A/QuartzCore
0x00007fff2fe3f000 	/System/Library/Frameworks/Carbon.framework/Versions/A/Frameworks/SpeechRecognition.framework/Versions/A/SpeechRecognition
0x00007fff2711b000 	/System/Library/PrivateFrameworks/CoreUI.framework/Versions/A/CoreUI
0x00007fff21a5a000 	/System/Library/Frameworks/CoreAudio.framework/Versions/A/CoreAudio
0x00007fff26488000 	/System/Library/Frameworks/DiskArbitration.framework/Versions/A/DiskArbitration
0x00007fff2bcd2000 	/System/Library/PrivateFrameworks/MultitouchSupport.framework/Versions/A/MultitouchSupport
0x00007fff2c0c5000 	/System/Library/PrivateFrameworks/InternationalSupport.framework/Versions/A/InternationalSupport
0x00007fff24a6a000 	/usr/lib/libenergytrace.dylib
0x00007fff22a14000 	/System/Library/Frameworks/IOKit.framework/Versions/A/IOKit
0x00007fff30172000 	/System/Library/Frameworks/CoreServices.framework/Versions/A/CoreServices
0x00007fff27348000 	/System/Library/PrivateFrameworks/PerformanceAnalysis.framework/Versions/A/PerformanceAnalysis
0x00007fff6bced000 	/System/Library/Frameworks/OpenGL.framework/Versions/A/OpenGL
0x00007fff2c149000 	/System/Library/PrivateFrameworks/UserActivity.framework/Versions/A/UserActivity
0x00007fff25510000 	/System/Library/Frameworks/ColorSync.framework/Versions/A/ColorSync
0x00007fff28e21000 	/System/Library/Frameworks/CoreImage.framework/Versions/A/CoreImage
0x00007fff21874000 	/System/Library/Frameworks/CoreText.framework/Versions/A/CoreText
0x00007fff28be0000 	/System/Library/Frameworks/ImageIO.framework/Versions/A/ImageIO
0x00007fff2a68a000 	/System/Library/PrivateFrameworks/SoftLinking.framework/Versions/A/SoftLinking
0x00007fff27401000 	/usr/lib/libxml2.2.dylib
0x00007fff2a8f7000 	/usr/lib/libcompression.dylib
0x00007fff2bff7000 	/System/Library/PrivateFrameworks/TextureIO.framework/Versions/A/TextureIO
0x00007fff2afe7000 	/usr/lib/libate.dylib
0x00007fff2ad13000 	/usr/lib/liblzma.5.dylib
0x00007fff20d98000 	/System/Library/Frameworks/SystemConfiguration.framework/Versions/A/SystemConfiguration
0x00007fff2a686000 	/usr/lib/libfakelink.dylib
0x00007fff245bc000 	/System/Library/Frameworks/CFNetwork.framework/Versions/A/CFNetwork
0x00007fff2a7c6000 	/usr/lib/libarchive.2.dylib
0x00007fff20e16000 	/usr/lib/libCRFSuite.dylib
0x00007fff29e33000 	/usr/lib/libbsm.0.dylib
0x00007fff23f35000 	/usr/lib/libnetwork.dylib
0x00007fff2a68b000 	/usr/lib/libpcap.A.dylib
0x00007fff261d2000 	/usr/lib/libdns_services.dylib
0x00007fff2ad2c000 	/usr/lib/libcoretls_cfhelpers.dylib
0x00007fff2a8c5000 	/usr/lib/libapple_nghttp2.dylib
0x00007fff2a61e000 	/usr/lib/system/libkxld.dylib
0x00007fff25e50000 	/usr/lib/libsqlite3.dylib
0x00007fff2a39a000 	/System/Library/PrivateFrameworks/AppleFSCompression.framework/Versions/A/AppleFSCompression
0x00007fff29e1b000 	/usr/lib/libcoretls.dylib
0x00007fff2a8f2000 	/usr/lib/libpam.2.dylib
0x00007fff2ae2a000 	/usr/lib/libxar.1.dylib
0x00007fff2920f000 	/System/Library/PrivateFrameworks/AppleSystemInfo.framework/Versions/A/AppleSystemInfo
0x00007fff29a5d000 	/System/Library/PrivateFrameworks/IOMobileFramebuffer.framework/Versions/A/IOMobileFramebuffer
0x00007fff2a3aa000 	/usr/lib/libbz2.1.0.dylib
0x00007fff2a6c3000 	/usr/lib/libiconv.2.dylib
0x00007fff2a617000 	/usr/lib/libcharset.1.dylib
0x00007fff27384000 	/System/Library/Frameworks/CoreServices.framework/Versions/A/Frameworks/FSEvents.framework/Versions/A/FSEvents
0x00007fff226ae000 	/System/Library/Frameworks/CoreServices.framework/Versions/A/Frameworks/CarbonCore.framework/Versions/A/CarbonCore
0x00007fff263ed000 	/System/Library/Frameworks/CoreServices.framework/Versions/A/Frameworks/Metadata.framework/Versions/A/Metadata
0x00007fff2a3bc000 	/System/Library/Frameworks/CoreServices.framework/Versions/A/Frameworks/OSServices.framework/Versions/A/OSServices
0x00007fff2a838000 	/System/Library/Frameworks/CoreServices.framework/Versions/A/Frameworks/SearchKit.framework/Versions/A/SearchKit
0x00007fff2615d000 	/System/Library/Frameworks/CoreServices.framework/Versions/A/Frameworks/AE.framework/Versions/A/AE
0x00007fff20849000 	/System/Library/Frameworks/CoreServices.framework/Versions/A/Frameworks/LaunchServices.framework/Versions/A/LaunchServices
0x00007fff2acc3000 	/System/Library/Frameworks/CoreServices.framework/Versions/A/Frameworks/DictionaryServices.framework/Versions/A/DictionaryServices
0x00007fff27391000 	/System/Library/Frameworks/CoreServices.framework/Versions/A/Frameworks/SharedFileList.framework/Versions/A/SharedFileList
0x00007fff29e0f000 	/usr/lib/libCheckFix.dylib
0x00007fff24adf000 	/System/Library/PrivateFrameworks/TCC.framework/Versions/A/TCC
0x00007fff29215000 	/System/Library/PrivateFrameworks/CoreNLP.framework/Versions/A/CoreNLP
0x00007fff263a0000 	/System/Library/PrivateFrameworks/MetadataUtilities.framework/Versions/A/MetadataUtilities
0x00007fff20e4b000 	/usr/lib/libmecabra.dylib
0x00007fff2a119000 	/System/Library/Frameworks/MLCompute.framework/Versions/A/MLCompute
0x00007fff29e44000 	/usr/lib/libmecab.dylib
0x00007fff29e8e000 	/usr/lib/libgermantok.dylib
0x00007fff2a8a0000 	/usr/lib/libThaiTokenizer.dylib
0x00007fff2ae65000 	/usr/lib/libChineseTokenizer.dylib
0x00007fff2a8f0000 	/System/Library/Frameworks/MetalPerformanceShaders.framework/Versions/A/MetalPerformanceShaders
0x00007fff2648f000 	/System/Library/Frameworks/Accelerate.framework/Versions/A/Frameworks/vImage.framework/Versions/A/vImage
0x00007fff3014c000 	/System/Library/Frameworks/Accelerate.framework/Versions/A/Frameworks/vecLib.framework/Versions/A/vecLib
0x00007fff2ae70000 	/System/Library/Frameworks/Accelerate.framework/Versions/A/Frameworks/vecLib.framework/Versions/A/libvMisc.dylib
0x00007fff298bd000 	/System/Library/Frameworks/Accelerate.framework/Versions/A/Frameworks/vecLib.framework/Versions/A/libvDSP.dylib
0x00007fff20b54000 	/System/Library/Frameworks/Accelerate.framework/Versions/A/Frameworks/vecLib.framework/Versions/A/libBLAS.dylib
0x00007fff2a91e000 	/System/Library/Frameworks/Accelerate.framework/Versions/A/Frameworks/vecLib.framework/Versions/A/libLAPACK.dylib
0x00007fff29e94000 	/System/Library/Frameworks/Accelerate.framework/Versions/A/Frameworks/vecLib.framework/Versions/A/libLinearAlgebra.dylib
0x00007fff2a8dd000 	/System/Library/Frameworks/Accelerate.framework/Versions/A/Frameworks/vecLib.framework/Versions/A/libSparseBLAS.dylib
0x00007fff2a918000 	/System/Library/Frameworks/Accelerate.framework/Versions/A/Frameworks/vecLib.framework/Versions/A/libQuadrature.dylib
0x00007fff292c1000 	/System/Library/Frameworks/Accelerate.framework/Versions/A/Frameworks/vecLib.framework/Versions/A/libBNNS.dylib
0x00007fff20d29000 	/System/Library/Frameworks/Accelerate.framework/Versions/A/Frameworks/vecLib.framework/Versions/A/libSparse.dylib
0x00007fff2919d000 	/System/Library/Frameworks/MetalPerformanceShaders.framework/Versions/A/Frameworks/MPSCore.framework/Versions/A/MPSCore
0x00007fff2a309000 	/System/Library/Frameworks/MetalPerformanceShaders.framework/Versions/A/Frameworks/MPSImage.framework/Versions/A/MPSImage
0x00007fff29eaa000 	/System/Library/Frameworks/MetalPerformanceShaders.framework/Versions/A/Frameworks/MPSNeuralNetwork.framework/Versions/A/MPSNeuralNetwork
0x00007fff2a27b000 	/System/Library/Frameworks/MetalPerformanceShaders.framework/Versions/A/Frameworks/MPSMatrix.framework/Versions/A/MPSMatrix
0x00007fff2a0c9000 	/System/Library/Frameworks/MetalPerformanceShaders.framework/Versions/A/Frameworks/MPSRayIntersector.framework/Versions/A/MPSRayIntersector
0x00007fff2a2b2000 	/System/Library/Frameworks/MetalPerformanceShaders.framework/Versions/A/Frameworks/MPSNDArray.framework/Versions/A/MPSNDArray
0x00007fff20a7f000 	/System/Library/PrivateFrameworks/MetalTools.framework/Versions/A/MetalTools
0x00007fff2920d000 	/System/Library/PrivateFrameworks/AggregateDictionary.framework/Versions/A/AggregateDictionary
0x00007fff2636d000 	/System/Library/PrivateFrameworks/CoreAnalytics.framework/Versions/A/CoreAnalytics
0x00007fff2a8a2000 	/System/Library/PrivateFrameworks/AppleSauce.framework/Versions/A/AppleSauce
0x00007fff2850f000 	/System/Library/PrivateFrameworks/IOAccelerator.framework/Versions/A/IOAccelerator
0x00007fff6bce1000 	/System/Library/Frameworks/OpenGL.framework/Versions/A/Libraries/libCoreFSCache.dylib
0x00007fff213e3000 	/System/Library/PrivateFrameworks/LanguageModeling.framework/Versions/A/LanguageModeling
0x00007fff29a4b000 	/System/Library/PrivateFrameworks/CoreEmoji.framework/Versions/A/CoreEmoji
0x00007fff292ba000 	/System/Library/PrivateFrameworks/LinguisticData.framework/Versions/A/LinguisticData
0x00007fff20cdb000 	/System/Library/PrivateFrameworks/Lexicon.framework/Versions/A/Lexicon
0x00007fff2a7b4000 	/usr/lib/libcmph.dylib
0x00007fff27364000 	/System/Library/Frameworks/OpenDirectory.framework/Versions/A/Frameworks/CFOpenDirectory.framework/Versions/A/CFOpenDirectory
0x00007fff27354000 	/System/Library/Frameworks/OpenDirectory.framework/Versions/A/OpenDirectory
0x00007fff2ad2e000 	/System/Library/PrivateFrameworks/APFS.framework/Versions/A/APFS
0x00007fff29d71000 	/System/Library/Frameworks/SecurityFoundation.framework/Versions/A/SecurityFoundation
0x00007fff2ae38000 	/usr/lib/libutil.dylib
0x00007fff229d9000 	/System/Library/PrivateFrameworks/CoreServicesStore.framework/Versions/A/CoreServicesStore
0x00007fff29e07000 	/System/Library/Frameworks/ServiceManagement.framework/Versions/A/ServiceManagement
0x00007fff2ae3c000 	/usr/lib/libxslt.1.dylib
0x00007fff29dfd000 	/System/Library/PrivateFrameworks/BackgroundTaskManagement.framework/Versions/A/BackgroundTaskManagement
0x00007fff2bf42000 	/System/Library/Frameworks/ImageIO.framework/Versions/A/Resources/libRadiance.dylib
0x00007fff2bf4b000 	/System/Library/Frameworks/ImageIO.framework/Versions/A/Resources/libJPEG.dylib
0x00007fff2be9c000 	/System/Library/Frameworks/ImageIO.framework/Versions/A/Resources/libPng.dylib
0x00007fff2bebd000 	/System/Library/Frameworks/ImageIO.framework/Versions/A/Resources/libTIFF.dylib
0x00007fff2bfa0000 	/System/Library/Frameworks/ImageIO.framework/Versions/A/Resources/libGIF.dylib
0x00007fff2bbef000 	/System/Library/Frameworks/ImageIO.framework/Versions/A/Resources/libJP2.dylib
0x00007fff2b30a000 	/usr/lib/libexpat.1.dylib
0x00007fff2bba5000 	/System/Library/PrivateFrameworks/AppleJPEG.framework/Versions/A/AppleJPEG
0x00007fff28745000 	/System/Library/PrivateFrameworks/FontServices.framework/libFontParser.dylib
0x00007fff26114000 	/System/Library/PrivateFrameworks/RunningBoardServices.framework/Versions/A/RunningBoardServices
0x00007fff2bcce000 	/System/Library/PrivateFrameworks/WatchdogClient.framework/Versions/A/WatchdogClient
0x00007fff214cc000 	/System/Library/Frameworks/CoreDisplay.framework/Versions/A/CoreDisplay
0x00007fff2865a000 	/System/Library/Frameworks/CoreMedia.framework/Versions/A/CoreMedia
0x00007fff274e4000 	/System/Library/Frameworks/CoreVideo.framework/Versions/A/CoreVideo
0x00007fff2bd09000 	/System/Library/Frameworks/VideoToolbox.framework/Versions/A/VideoToolbox
0x00007fff26094000 	/System/Library/PrivateFrameworks/BaseBoard.framework/Versions/A/BaseBoard
0x00007fff2b44f000 	/System/Library/PrivateFrameworks/PersistentConnection.framework/Versions/A/PersistentConnection
0x00007fff25e3a000 	/System/Library/PrivateFrameworks/ProtocolBuffer.framework/Versions/A/ProtocolBuffer
0x00007fff2607c000 	/System/Library/PrivateFrameworks/CommonUtilities.framework/Versions/A/CommonUtilities
0x00007fff2bb68000 	/System/Library/PrivateFrameworks/Bom.framework/Versions/A/Bom
0x00007fff2bf3a000 	/System/Library/PrivateFrameworks/GPUWrangler.framework/Versions/A/GPUWrangler
0x00007fff2bf1d000 	/System/Library/PrivateFrameworks/IOPresentment.framework/Versions/A/IOPresentment
0x00007fff2bf45000 	/System/Library/PrivateFrameworks/DSExternalDisplay.framework/Versions/A/DSExternalDisplay
0x00007fff2bfa5000 	/System/Library/PrivateFrameworks/CMCaptureCore.framework/Versions/A/CMCaptureCore
0x00007fff2b8eb000 	/System/Library/PrivateFrameworks/AppServerSupport.framework/Versions/A/AppServerSupport
0x00007fff2d980000 	/System/Library/PrivateFrameworks/perfdata.framework/Versions/A/perfdata
0x00007fff29d60000 	/System/Library/PrivateFrameworks/AssertionServices.framework/Versions/A/AssertionServices
0x00007fff21603000 	/System/Library/PrivateFrameworks/AudioToolboxCore.framework/Versions/A/AudioToolboxCore
0x00007fff2863d000 	/System/Library/PrivateFrameworks/caulk.framework/Versions/A/caulk
0x00007fff3ce2c000 	/System/Library/PrivateFrameworks/SystemPolicy.framework/Versions/A/SystemPolicy
0x00007fff2b119000 	/usr/lib/libIOReport.dylib
0x00007fff2d1bc000 	/usr/lib/libSMC.dylib
0x00007fff2be68000 	/usr/lib/libAudioToolboxUtility.dylib
0x00007fff3d789000 	/usr/lib/libmis.dylib
0x00007fff6bd3d000 	/System/Library/Frameworks/OpenGL.framework/Versions/A/Libraries/libGLU.dylib
0x00007fff6bd00000 	/System/Library/Frameworks/OpenGL.framework/Versions/A/Libraries/libGFXShared.dylib
0x00007fff6bf0e000 	/System/Library/Frameworks/OpenGL.framework/Versions/A/Libraries/libGL.dylib
0x00007fff6bd09000 	/System/Library/Frameworks/OpenGL.framework/Versions/A/Libraries/libGLImage.dylib
0x00007fff6bcfd000 	/System/Library/Frameworks/OpenGL.framework/Versions/A/Libraries/libCVMSPluginSupport.dylib
0x00007fff6bce8000 	/System/Library/Frameworks/OpenGL.framework/Versions/A/Libraries/libCoreVMClient.dylib
0x00007fff6d358000 	/System/Library/Frameworks/OpenCL.framework/Versions/A/OpenCL
0x00007fff2b478000 	/System/Library/PrivateFrameworks/GraphVisualizer.framework/Versions/A/GraphVisualizer
0x00007fff2b487000 	/System/Library/PrivateFrameworks/FaceCore.framework/Versions/A/FaceCore
0x00007fff2b8a3000 	/System/Library/PrivateFrameworks/OTSVG.framework/Versions/A/OTSVG
0x00007fff270d9000 	/System/Library/Frameworks/ApplicationServices.framework/Versions/A/Frameworks/ATS.framework/Versions/A/Resources/libFontRegistry.dylib
0x00007fff2b8f2000 	/System/Library/PrivateFrameworks/FontServices.framework/libhvf.dylib
0x00007fff2b2b6000 	/System/Library/PrivateFrameworks/AppleVA.framework/Versions/A/AppleVA
0x00007fff2d004000 	/System/Library/Frameworks/ApplicationServices.framework/Versions/A/Frameworks/ATS.framework/Versions/A/ATS
0x00007fff2d317000 	/System/Library/Frameworks/ApplicationServices.framework/Versions/A/Frameworks/ColorSyncLegacy.framework/Versions/A/ColorSyncLegacy
0x00007fff25607000 	/System/Library/Frameworks/ApplicationServices.framework/Versions/A/Frameworks/HIServices.framework/Versions/A/HIServices
0x00007fff2d2fc000 	/System/Library/Frameworks/ApplicationServices.framework/Versions/A/Frameworks/LangAnalysis.framework/Versions/A/LangAnalysis
0x00007fff2bfaf000 	/System/Library/Frameworks/ApplicationServices.framework/Versions/A/Frameworks/PrintCore.framework/Versions/A/PrintCore
0x00007fff2d31f000 	/System/Library/Frameworks/ApplicationServices.framework/Versions/A/Frameworks/QD.framework/Versions/A/QD
0x00007fff2cff4000 	/System/Library/Frameworks/ApplicationServices.framework/Versions/A/Frameworks/SpeechSynthesis.framework/Versions/A/SpeechSynthesis
0x00007fff2bf70000 	/System/Library/Frameworks/ApplicationServices.framework/Versions/A/Frameworks/ATSUI.framework/Versions/A/ATSUI
0x00007fff2d29c000 	/usr/lib/libcups.2.dylib
0x00007fff2d30c000 	/System/Library/PrivateFrameworks/NetAuth.framework/Versions/A/NetAuth
0x00007fff2d99b000 	/System/Library/Frameworks/Kerberos.framework/Versions/A/Kerberos
0x00007fff2d9ab000 	/System/Library/Frameworks/GSS.framework/Versions/A/GSS
0x00007fff2d071000 	/usr/lib/libresolv.9.dylib
0x00007fff2b908000 	/System/Library/PrivateFrameworks/Heimdal.framework/Versions/A/Heimdal
0x00007fff33662000 	/System/Library/Frameworks/Kerberos.framework/Versions/A/Libraries/libHeimdalProxy.dylib
0x00007fff261e1000 	/System/Library/Frameworks/Network.framework/Versions/A/Network
0x00007fff2b324000 	/usr/lib/libheimdal-asn1.dylib
0x00007fff2d9fc000 	/System/Library/PrivateFrameworks/CommonAuth.framework/Versions/A/CommonAuth
0x00007fff27532000 	/System/Library/PrivateFrameworks/login.framework/Versions/A/Frameworks/loginsupport.framework/Versions/A/loginsupport
0x00007fff2cf7b000 	/System/Library/PrivateFrameworks/AudioSession.framework/Versions/A/AudioSession
0x00007fff2cfe1000 	/usr/lib/libAudioStatistics.dylib
0x00007fff2b3b0000 	/System/Library/PrivateFrameworks/MediaExperience.framework/Versions/A/MediaExperience
0x00007fff2ce14000 	/System/Library/PrivateFrameworks/AudioSession.framework/libSessionUtility.dylib
0x00007fff2d98c000 	/usr/lib/libperfcheck.dylib
0x00007fff2d32b000 	/System/Library/PrivateFrameworks/AudioResourceArbitration.framework/Versions/A/AudioResourceArbitration
0x00007fff2b32e000 	/System/Library/PrivateFrameworks/IconFoundation.framework/Versions/A/IconFoundation
0x00007fff2fe2f000 	/System/Library/PrivateFrameworks/SpeechRecognitionCore.framework/Versions/A/SpeechRecognitionCore
0x000000010f800000 	/Library/Java/JavaVirtualMachines/jdk-16.0.2.jdk/Contents/Home/lib/server/libjvm.dylib
0x000000010b423000 	/Library/Java/JavaVirtualMachines/jdk-16.0.2.jdk/Contents/Home/lib/libjimage.dylib
0x000000010b47e000 	/Library/Java/JavaVirtualMachines/jdk-16.0.2.jdk/Contents/Home/lib/libjava.dylib
0x000000012d396000 	/Library/Java/JavaVirtualMachines/jdk-16.0.2.jdk/Contents/Home/lib/libnio.dylib
0x000000012d3c6000 	/Library/Java/JavaVirtualMachines/jdk-16.0.2.jdk/Contents/Home/lib/libnet.dylib
0x000000012d40c000 	/Library/Java/JavaVirtualMachines/jdk-16.0.2.jdk/Contents/Home/lib/libzip.dylib
0x000000012d82a000 	/Users/prerak/Library/Application Support/Code/User/globalStorage/redhat.java/0.82.0/config_mac/org.eclipse.equinox.launcher/org.eclipse.equinox.launcher.cocoa.macosx.x86_64_1.2.300.v20210828-0802/eclipse_11506.so
0x00007fff2299a000 	/System/Library/PrivateFrameworks/CoreServicesInternal.framework/Versions/A/CoreServicesInternal
0x00007fff311b6000 	/System/Library/Frameworks/FileProvider.framework/Versions/A/FileProvider
0x00007fff25fff000 	/System/Library/Frameworks/Accounts.framework/Versions/A/Accounts
0x00007fff31306000 	/System/Library/PrivateFrameworks/GenerationalStorage.framework/Versions/A/GenerationalStorage
0x00007fff31ca0000 	/System/Library/PrivateFrameworks/CoreSymbolication.framework/Versions/A/CoreSymbolication
0x00007fff30bd6000 	/System/Library/PrivateFrameworks/SymptomDiagnosticReporter.framework/Versions/A/SymptomDiagnosticReporter
0x00007fff23acb000 	/System/Library/PrivateFrameworks/DesktopServicesPriv.framework/Versions/A/DesktopServicesPriv
0x00007fff22acf000 	/usr/lib/libsandbox.1.dylib
0x00007fff2755d000 	/System/Library/PrivateFrameworks/UserManagement.framework/Versions/A/UserManagement
0x00007fff29d3d000 	/System/Library/PrivateFrameworks/MobileKeyBag.framework/Versions/A/MobileKeyBag
0x00007fff346e5000 	/System/Library/PrivateFrameworks/ChunkingLibrary.framework/Versions/A/ChunkingLibrary
0x00007fff31c64000 	/System/Library/PrivateFrameworks/DebugSymbols.framework/Versions/A/DebugSymbols
0x00007fff2e3bf000 	/System/Library/PrivateFrameworks/Sharing.framework/Versions/A/Sharing
0x00007fff32c64000 	/System/Library/PrivateFrameworks/Apple80211.framework/Versions/A/Apple80211
0x00007fff2a3ea000 	/System/Library/PrivateFrameworks/AuthKit.framework/Versions/A/AuthKit
0x00007fff29b3b000 	/System/Library/PrivateFrameworks/CoreUtils.framework/Versions/A/CoreUtils
0x00007fff29a68000 	/System/Library/Frameworks/CoreWLAN.framework/Versions/A/CoreWLAN
0x00007fff2e50b000 	/System/Library/Frameworks/IOBluetooth.framework/Versions/A/IOBluetooth
0x00007fff32cc8000 	/System/Library/PrivateFrameworks/CoreWiFi.framework/Versions/A/CoreWiFi
0x00007fff2da82000 	/System/Library/PrivateFrameworks/CorePhoneNumbers.framework/Versions/A/CorePhoneNumbers
0x00007fff30cdd000 	/System/Library/PrivateFrameworks/DiskManagement.framework/Versions/A/DiskManagement
0x00007fff30bf3000 	/System/Library/PrivateFrameworks/AppleIDAuthSupport.framework/Versions/A/AppleIDAuthSupport
0x00007fff2da62000 	/System/Library/PrivateFrameworks/KeychainCircle.framework/Versions/A/KeychainCircle
0x00007fff30ca9000 	/System/Library/PrivateFrameworks/MediaKit.framework/Versions/A/MediaKit
0x00007fff30c00000 	/System/Library/Frameworks/DiscRecording.framework/Versions/A/DiscRecording
0x00007fff2b22a000 	/usr/lib/libCoreStorage.dylib
0x00007fff33103000 	/usr/lib/libcsfde.dylib
0x00007fff2e646000 	/System/Library/PrivateFrameworks/ProtectedCloudStorage.framework/Versions/A/ProtectedCloudStorage
0x00007fff330fb000 	/System/Library/PrivateFrameworks/EFILogin.framework/Versions/A/EFILogin
0x00007fff33715000 	/System/Library/Frameworks/AudioUnit.framework/Versions/A/AudioUnit
0x00007fff30b70000 	/System/Library/Frameworks/CoreBluetooth.framework/Versions/A/CoreBluetooth
0x00007fff2b222000 	/usr/lib/libMatch.1.dylib
0x00007fff2725c000 	/System/Library/PrivateFrameworks/ViewBridge.framework/Versions/A/ViewBridge


VM Arguments:
jvm_args: --add-modules=ALL-SYSTEM --add-opens=java.base/java.util=ALL-UNNAMED --add-opens=java.base/java.lang=ALL-UNNAMED -Declipse.application=org.eclipse.jdt.ls.core.id1 -Dosgi.bundles.defaultStartLevel=4 -Declipse.product=org.eclipse.jdt.ls.core.product -Dfile.encoding=utf8 -XX:+UseParallelGC -XX:GCTimeRatio=4 -XX:AdaptiveSizePolicyWeight=90 -Dsun.zip.disableMemoryMapping=true -Xmx1G -Xms100m 
java_command: /Users/prerak/.vscode/extensions/redhat.java-0.82.0/server/plugins/org.eclipse.equinox.launcher_1.6.300.v20210813-1054.jar -configuration /Users/prerak/Library/Application Support/Code/User/globalStorage/redhat.java/0.82.0/config_mac -data /Users/prerak/Library/Application Support/Code/User/workspaceStorage/c2583b467156c5c6edf29994dbbf0792/redhat.java/jdt_ws
java_class_path (initial): /Users/prerak/.vscode/extensions/redhat.java-0.82.0/server/plugins/org.eclipse.equinox.launcher_1.6.300.v20210813-1054.jar
Launcher Type: SUN_STANDARD

[Global flags]
    uintx AdaptiveSizePolicyWeight                 = 90                                        {product} {command line}
     intx CICompilerCount                          = 4                                         {product} {ergonomic}
    uintx GCTimeRatio                              = 4                                         {product} {command line}
   size_t InitialHeapSize                          = 104857600                                 {product} {command line}
   size_t MaxHeapSize                              = 1073741824                                {product} {command line}
   size_t MaxNewSize                               = 357564416                                 {product} {ergonomic}
   size_t MinHeapDeltaBytes                        = 524288                                    {product} {ergonomic}
   size_t MinHeapSize                              = 104857600                                 {product} {command line}
   size_t NewSize                                  = 34603008                                  {product} {ergonomic}
    uintx NonNMethodCodeHeapSize                   = 5839372                                {pd product} {ergonomic}
    uintx NonProfiledCodeHeapSize                  = 122909434                              {pd product} {ergonomic}
   size_t OldSize                                  = 70254592                                  {product} {ergonomic}
    uintx ProfiledCodeHeapSize                     = 122909434                              {pd product} {ergonomic}
    uintx ReservedCodeCacheSize                    = 251658240                              {pd product} {ergonomic}
     bool SegmentedCodeCache                       = true                                      {product} {ergonomic}
   size_t SoftMaxHeapSize                          = 1073741824                             {manageable} {ergonomic}
     bool UseCompressedClassPointers               = true                           {product lp64_product} {ergonomic}
     bool UseCompressedOops                        = true                           {product lp64_product} {ergonomic}
     bool UseNUMA                                  = false                                     {product} {ergonomic}
     bool UseNUMAInterleaving                      = false                                     {product} {ergonomic}
     bool UseParallelGC                            = true                                      {product} {command line}

Logging:
Log output configuration:
 #0: stdout all=warning uptime,level,tags
 #1: stderr all=off uptime,level,tags

Environment Variables:
PATH=/Library/Frameworks/Python.framework/Versions/3.9/bin:/opt/homebrew/bin:/opt/homebrew/sbin:/usr/local/bin:/usr/bin:/bin:/usr/sbin:/sbin:/Library/Apple/usr/bin
SHELL=/bin/zsh

Signal Handlers:
SIGSEGV: [libjvm.dylib+0xa7bdc0], sa_mask[0]=11100110100111111111111111111111, sa_flags=SA_ONSTACK|SA_RESTART|SA_SIGINFO
SIGBUS: [libjvm.dylib+0xa7bdc0], sa_mask[0]=11100110100111111111111111111111, sa_flags=SA_RESTART|SA_SIGINFO
SIGFPE: [libjvm.dylib+0xa7bdc0], sa_mask[0]=11100110100111111111111111111111, sa_flags=SA_RESTART|SA_SIGINFO
SIGPIPE: [libjvm.dylib+0x945be0], sa_mask[0]=11100110100111111111111111111111, sa_flags=SA_RESTART|SA_SIGINFO
SIGXFSZ: [libjvm.dylib+0x945be0], sa_mask[0]=11100110100111111111111111111111, sa_flags=SA_RESTART|SA_SIGINFO
SIGILL: [libjvm.dylib+0xa7bdc0], sa_mask[0]=11100110100111111111111111111111, sa_flags=SA_RESTART|SA_SIGINFO
SIGUSR2: [libjvm.dylib+0x946690], sa_mask[0]=00000000000000000000000000000000, sa_flags=SA_RESTART|SA_SIGINFO
SIGHUP: [libjvm.dylib+0x944c50], sa_mask[0]=11100110100111111111111111111111, sa_flags=SA_RESTART|SA_SIGINFO
SIGINT: [libjvm.dylib+0x944c50], sa_mask[0]=11100110100111111111111111111111, sa_flags=SA_RESTART|SA_SIGINFO
SIGTERM: [libjvm.dylib+0x944c50], sa_mask[0]=11100110100111111111111111111111, sa_flags=SA_RESTART|SA_SIGINFO
SIGQUIT: [libjvm.dylib+0x944c50], sa_mask[0]=11100110100111111111111111111111, sa_flags=SA_RESTART|SA_SIGINFO
SIGTRAP: [libjvm.dylib+0xa7bdc0], sa_mask[0]=11100110100111111111111111111111, sa_flags=SA_RESTART|SA_SIGINFO


---------------  S Y S T E M  ---------------

OS:uname: Darwin 20.6.0 Darwin Kernel Version 20.6.0: Mon Aug 30 06:12:20 PDT 2021; root:xnu-7195.141.6~3/RELEASE_ARM64_T8101 x86_64
OS uptime: 0 days 9:48 hours
rlimit (soft/hard): STACK 8176k/65520k , CORE 0k/infinity , NPROC 1333/2000 , NOFILE 10240/infinity , AS infinity/infinity , CPU infinity/infinity , DATA infinity/infinity , FSIZE infinity/infinity , MEMLOCK infinity/infinity , RSS infinity/infinity
load average: 2.92 2.38 2.20

CPU: total 8 (initial active 8) (1 cores per cpu, 1 threads per core) family 6 model 44 stepping 0 microcode 0x0, cx8, cmov, fxsr, mmx, sse, sse2, sse3, ssse3, sse4.1, sse4.2, popcnt, tsc, tscinvbit, aes, clmul, clflush

Memory: 4k page, physical 8388608k(44048k free), swap 1048576k(713216k free)

vm_info: Java HotSpot(TM) 64-Bit Server VM (16.0.2+7-67) for bsd-amd64 JRE (16.0.2+7-67), built on Jun  8 2021 22:22:46 by "mach5one" with clang 4.2.1 Compatible Apple LLVM 11.0.0 (clang-1100.0.33.17)

END.
